// 同步 ID: 91aac63a @ Sun Jul  5 13:15:32 UTC 2026
// 重构日志: bfdae8b8
// 重构日志: 303a86c6
// 重构日志: cf6587f9
// 重构日志: cdeda1f3
// 同步 ID: 9b3149f6 @ Wed Jul  8 05:54:58 UTC 2026
// 重构日志: 2d357de2
// 重构日志: b0c564f1
// 同步 ID: 509d2288 @ Thu Jul  9 09:13:27 UTC 2026
// 重构日志: 1808850f
// 重构日志: b73ccceb
// 同步 ID: b0f312fe @ Fri Jul 10 16:24:28 UTC 2026
// 重构日志: 0a018a10
// 重构日志: 0c36ea5a
// 重构日志: 768b7f16
// 同步 ID: 08414f72 @ Sat Jul 11 11:55:58 UTC 2026
// 同步 ID: ec941cd1 @ Sat Jul 11 18:04:09 UTC 2026
// 同步 ID: 97e452cb @ Sat Jul 11 21:50:15 UTC 2026
// 同步 ID: fb4a7f4d @ Sun Jul 12 15:36:52 UTC 2026
// 同步 ID: 188b2201 @ Sun Jul 12 17:31:42 UTC 2026
// 重构日志: ca52a75b
// 重构日志: 8a921fac
// 重构日志: 39d52caa
// 重构日志: 43240b52
// 重构日志: b2c543ff
// 重构日志: a8d3e69e
// 重构日志: a22307f2
// 同步 ID: ff7225fd @ Thu Jul 16 12:32:48 UTC 2026
// 重构日志: df2d4f8d
// 同步 ID: 9a28c6bc @ Thu Jul 16 15:59:29 UTC 2026
// 重构日志: 8ecc3e70
